[2025-05-05 00:00:11]:
IP地址：112.21.165.203
请求地址：【POST】 -> http://uchat.cn/admin/api/commodity/save
POST数据：{"cover":"/favicon.ico","name":"ARM天卡","description":"<p>arm卡密弹窗，包更新，包售后。</p><p>-功能解析</p><p>|============================|</p><p>[%2B]注入卡密/公告等弹窗</p><p>[%2B]给你的APP加固</p><p>[%2B]给你的APP加密</p><p>[%2B]防截图</p><p>[%2B]防抓包</p><p>...更多功能请下载APP查看</p><p>|============================|</p>","category_id":"1","factory_price":"30","price":"1","user_price":"1","level_disable":"0","hide":"0","recommend":"1","level_price":"","shared_id":"","shared_code":"","shared_premium_type":"0","shared_premium":"0","shared_sync":"0","inventory_sync":"0","delivery_way":"0","delivery_auto_mode":"2","delivery_message":"","leave_message":"如有问题请联系QQ:196749304","contact_type":"2","send_email":"1","password_status":"1","sort":"1","minimum":"1","maximum":"1","coupon":"1","seckill_status":"1","seckill_start_time":"2025-05-04 00:00:00","seckill_end_time":"2025-05-05 00:00:00","draft_status":"0","draft_premium":"0","only_user":"0","purchase_count":"0","api_status":"1","inventory_hidden":"1","config":"","status":"1","id":"1","widget":"%5B%5D"}
Headers：{"Cookie":"ACG-SHOP=dhesmko2q4l0rd2scpmive8bun","Accept-Language":"zh-CN,en-US;q=0.8","Accept-Encoding":"gzip, deflate","Referer":"http://uchat.cn/admin/commodity/index","Content-Type":"application/x-www-form-urlencoded; charset=UTF-8","User-Agent":"Mozilla/5.0 (Linux; Android 7.1.2; vivo X9i Build/N2G47H) AppleWebKit/537.36 (KHTML, like Gecko) Chrome/55.0.2883.91 Mobile Safari/537.36","X-Requested-With":"XMLHttpRequest","Origin":"http://uchat.cn","Accept":"*/*","Content-Length":"1598","Connection":"keep-alive","Host":"uchat.cn"}
----------------------------------------
[2025-05-05 00:00:12]:
IP地址：112.21.165.203
请求地址：【POST】 -> http://uchat.cn/admin/api/commodity/data
POST数据：{"offset":"0","limit":"13","page":"1"}
Headers：{"Cookie":"ACG-SHOP=dhesmko2q4l0rd2scpmive8bun","Accept-Language":"zh-CN,en-US;q=0.8","Accept-Encoding":"gzip, deflate","Referer":"http://uchat.cn/admin/commodity/index","Content-Type":"application/x-www-form-urlencoded","User-Agent":"Mozilla/5.0 (Linux; Android 7.1.2; vivo X9i Build/N2G47H) AppleWebKit/537.36 (KHTML, like Gecko) Chrome/55.0.2883.91 Mobile Safari/537.36","X-Requested-With":"XMLHttpRequest","Origin":"http://uchat.cn","Accept":"application/json, text/javascript, */*; q=0.01","Content-Length":"24","Connection":"keep-alive","Host":"uchat.cn"}
----------------------------------------
[2025-05-05 00:00:36]:
IP地址：112.21.165.203
请求地址：【POST】 -> http://uchat.cn/admin/api/dict/get
POST数据：{"dict":"category->owner=0,id,name","keywords":""}
Headers：{"Cookie":"ACG-SHOP=dhesmko2q4l0rd2scpmive8bun","Accept-Language":"zh-CN,en-US;q=0.8","Accept-Encoding":"gzip, deflate","Referer":"http://uchat.cn/admin/commodity/index","Content-Type":"application/x-www-form-urlencoded; charset=UTF-8","User-Agent":"Mozilla/5.0 (Linux; Android 7.1.2; vivo X9i Build/N2G47H) AppleWebKit/537.36 (KHTML, like Gecko) Chrome/55.0.2883.91 Mobile Safari/537.36","X-Requested-With":"XMLHttpRequest","Origin":"http://uchat.cn","Accept":"*/*","Content-Length":"48","Connection":"keep-alive","Host":"uchat.cn"}
----------------------------------------
[2025-05-05 00:00:36]:
IP地址：112.21.165.203
请求地址：【POST】 -> http://uchat.cn/admin/api/dict/get
POST数据：{"dict":"shared,id,name","keywords":""}
Headers：{"Cookie":"ACG-SHOP=dhesmko2q4l0rd2scpmive8bun","Accept-Language":"zh-CN,en-US;q=0.8","Accept-Encoding":"gzip, deflate","Referer":"http://uchat.cn/admin/commodity/index","Content-Type":"application/x-www-form-urlencoded; charset=UTF-8","User-Agent":"Mozilla/5.0 (Linux; Android 7.1.2; vivo X9i Build/N2G47H) AppleWebKit/537.36 (KHTML, like Gecko) Chrome/55.0.2883.91 Mobile Safari/537.36","X-Requested-With":"XMLHttpRequest","Origin":"http://uchat.cn","Accept":"*/*","Content-Length":"33","Connection":"keep-alive","Host":"uchat.cn"}
----------------------------------------
[2025-05-05 00:00:37]:
IP地址：112.21.165.203
请求地址：【POST】 -> http://uchat.cn/admin/api/group/data
POST数据：{"page":"NaN"}
Headers：{"Cookie":"ACG-SHOP=dhesmko2q4l0rd2scpmive8bun","Accept-Language":"zh-CN,en-US;q=0.8","Accept-Encoding":"gzip, deflate","Referer":"http://uchat.cn/admin/commodity/index","Content-Type":"application/x-www-form-urlencoded","User-Agent":"Mozilla/5.0 (Linux; Android 7.1.2; vivo X9i Build/N2G47H) AppleWebKit/537.36 (KHTML, like Gecko) Chrome/55.0.2883.91 Mobile Safari/537.36","X-Requested-With":"XMLHttpRequest","Origin":"http://uchat.cn","Accept":"application/json, text/javascript, */*; q=0.01","Content-Length":"8","Connection":"keep-alive","Host":"uchat.cn"}
----------------------------------------
[2025-05-05 00:01:04]:
IP地址：112.21.165.203
请求地址：【POST】 -> http://uchat.cn/admin/api/commodity/save
POST数据：{"cover":"/favicon.ico","name":"ARM天卡","description":"<p>arm卡密弹窗，包更新，包售后。</p><p>-功能解析</p><p>|============================|</p><p>[%2B]注入卡密/公告等弹窗</p><p>[%2B]给你的APP加固</p><p>[%2B]给你的APP加密</p><p>[%2B]防截图</p><p>[%2B]防抓包</p><p>...更多功能请下载APP查看</p><p>|============================|</p>","category_id":"1","factory_price":"30","price":"1","user_price":"1","level_disable":"0","hide":"0","recommend":"1","level_price":"","shared_id":"","shared_code":"","shared_premium_type":"0","shared_premium":"0","shared_sync":"0","inventory_sync":"0","delivery_way":"0","delivery_auto_mode":"2","delivery_message":"","leave_message":"如有问题请联系QQ:196749304","contact_type":"2","send_email":"1","password_status":"1","sort":"1","minimum":"1","maximum":"1","coupon":"1","seckill_status":"1","seckill_start_time":"2025-05-05 00:00:00","seckill_end_time":"2025-05-06 00:00:00","draft_status":"0","draft_premium":"0","only_user":"0","purchase_count":"0","api_status":"1","inventory_hidden":"1","config":"","status":"1","id":"1","widget":"%5B%5D"}
Headers：{"Cookie":"ACG-SHOP=dhesmko2q4l0rd2scpmive8bun","Accept-Language":"zh-CN,en-US;q=0.8","Accept-Encoding":"gzip, deflate","Referer":"http://uchat.cn/admin/commodity/index","Content-Type":"application/x-www-form-urlencoded; charset=UTF-8","User-Agent":"Mozilla/5.0 (Linux; Android 7.1.2; vivo X9i Build/N2G47H) AppleWebKit/537.36 (KHTML, like Gecko) Chrome/55.0.2883.91 Mobile Safari/537.36","X-Requested-With":"XMLHttpRequest","Origin":"http://uchat.cn","Accept":"*/*","Content-Length":"1598","Connection":"keep-alive","Host":"uchat.cn"}
----------------------------------------
[2025-05-05 00:01:05]:
IP地址：112.21.165.203
请求地址：【POST】 -> http://uchat.cn/admin/api/commodity/data
POST数据：{"offset":"0","limit":"13","page":"1"}
Headers：{"Cookie":"ACG-SHOP=dhesmko2q4l0rd2scpmive8bun","Accept-Language":"zh-CN,en-US;q=0.8","Accept-Encoding":"gzip, deflate","Referer":"http://uchat.cn/admin/commodity/index","Content-Type":"application/x-www-form-urlencoded","User-Agent":"Mozilla/5.0 (Linux; Android 7.1.2; vivo X9i Build/N2G47H) AppleWebKit/537.36 (KHTML, like Gecko) Chrome/55.0.2883.91 Mobile Safari/537.36","X-Requested-With":"XMLHttpRequest","Origin":"http://uchat.cn","Accept":"application/json, text/javascript, */*; q=0.01","Content-Length":"24","Connection":"keep-alive","Host":"uchat.cn"}
----------------------------------------
[2025-05-05 00:03:19]:
IP地址：112.21.165.203
请求地址：【GET】 -> http://uchat.cn/admin/commodity/index
POST数据：[]
Headers：{"X-Requested-With":"mark.via","Cookie":"ACG-SHOP=dhesmko2q4l0rd2scpmive8bun","Accept-Language":"zh-CN,en-US;q=0.8","Accept-Encoding":"gzip, deflate","Accept":"text/html,application/xhtml+xml,application/xml;q=0.9,image/webp,*/*;q=0.8","Dnt":"1","User-Agent":"Mozilla/5.0 (Linux; Android 7.1.2; vivo X9i Build/N2G47H) AppleWebKit/537.36 (KHTML, like Gecko) Chrome/55.0.2883.91 Mobile Safari/537.36","Upgrade-Insecure-Requests":"1","Connection":"keep-alive","Host":"uchat.cn","Content-Length":"","Content-Type":""}
----------------------------------------
[2025-05-05 00:04:07]:
IP地址：112.21.165.203
请求地址：【POST】 -> http://uchat.cn/admin/api/dict/get
POST数据：{"dict":"category,id,name","keywords":""}
Headers：{"Cookie":"ACG-SHOP=dhesmko2q4l0rd2scpmive8bun","Accept-Language":"zh-CN,en-US;q=0.8","Accept-Encoding":"gzip, deflate","Referer":"http://uchat.cn/admin/commodity/index","Content-Type":"application/x-www-form-urlencoded; charset=UTF-8","User-Agent":"Mozilla/5.0 (Linux; Android 7.1.2; vivo X9i Build/N2G47H) AppleWebKit/537.36 (KHTML, like Gecko) Chrome/55.0.2883.91 Mobile Safari/537.36","X-Requested-With":"XMLHttpRequest","Origin":"http://uchat.cn","Accept":"*/*","Content-Length":"35","Connection":"keep-alive","Host":"uchat.cn"}
----------------------------------------
[2025-05-05 00:04:07]:
IP地址：112.21.165.203
请求地址：【POST】 -> http://uchat.cn/admin/api/commodity/data
POST数据：{"offset":"0","limit":"13","page":"1"}
Headers：{"Cookie":"ACG-SHOP=dhesmko2q4l0rd2scpmive8bun","Accept-Language":"zh-CN,en-US;q=0.8","Accept-Encoding":"gzip, deflate","Referer":"http://uchat.cn/admin/commodity/index","Content-Type":"application/x-www-form-urlencoded","User-Agent":"Mozilla/5.0 (Linux; Android 7.1.2; vivo X9i Build/N2G47H) AppleWebKit/537.36 (KHTML, like Gecko) Chrome/55.0.2883.91 Mobile Safari/537.36","X-Requested-With":"XMLHttpRequest","Origin":"http://uchat.cn","Accept":"application/json, text/javascript, */*; q=0.01","Content-Length":"24","Connection":"keep-alive","Host":"uchat.cn"}
----------------------------------------
[2025-05-05 00:04:07]:
IP地址：112.21.165.203
请求地址：【POST】 -> http://uchat.cn/admin/api/dict/get
POST数据：{"dict":"shared,id,name","keywords":""}
Headers：{"Cookie":"ACG-SHOP=dhesmko2q4l0rd2scpmive8bun","Accept-Language":"zh-CN,en-US;q=0.8","Accept-Encoding":"gzip, deflate","Referer":"http://uchat.cn/admin/commodity/index","Content-Type":"application/x-www-form-urlencoded; charset=UTF-8","User-Agent":"Mozilla/5.0 (Linux; Android 7.1.2; vivo X9i Build/N2G47H) AppleWebKit/537.36 (KHTML, like Gecko) Chrome/55.0.2883.91 Mobile Safari/537.36","X-Requested-With":"XMLHttpRequest","Origin":"http://uchat.cn","Accept":"*/*","Content-Length":"33","Connection":"keep-alive","Host":"uchat.cn"}
----------------------------------------
[2025-05-05 00:04:07]:
IP地址：112.21.165.203
请求地址：【GET】 -> http://uchat.cn/admin/api/app/latest
POST数据：[]
Headers：{"Cookie":"ACG-SHOP=dhesmko2q4l0rd2scpmive8bun","Accept-Language":"zh-CN,en-US;q=0.8","Accept-Encoding":"gzip, deflate","Referer":"http://uchat.cn/admin/commodity/index","User-Agent":"Mozilla/5.0 (Linux; Android 7.1.2; vivo X9i Build/N2G47H) AppleWebKit/537.36 (KHTML, like Gecko) Chrome/55.0.2883.91 Mobile Safari/537.36","X-Requested-With":"XMLHttpRequest","Accept":"*/*","Connection":"keep-alive","Host":"uchat.cn","Content-Length":"","Content-Type":""}
----------------------------------------
[2025-05-05 00:04:08]:
IP地址：112.21.165.203
请求地址：【GET】 -> http://uchat.cn/admin/api/app/getUpdates
POST数据：[]
Headers：{"Cookie":"ACG-SHOP=dhesmko2q4l0rd2scpmive8bun","Accept-Language":"zh-CN,en-US;q=0.8","Accept-Encoding":"gzip, deflate","Referer":"http://uchat.cn/admin/commodity/index","User-Agent":"Mozilla/5.0 (Linux; Android 7.1.2; vivo X9i Build/N2G47H) AppleWebKit/537.36 (KHTML, like Gecko) Chrome/55.0.2883.91 Mobile Safari/537.36","X-Requested-With":"XMLHttpRequest","Accept":"*/*","Connection":"keep-alive","Host":"uchat.cn","Content-Length":"","Content-Type":""}
----------------------------------------
[2025-05-05 00:04:13]:
IP地址：112.21.165.203
请求地址：【POST】 -> http://uchat.cn/admin/api/dict/get
POST数据：{"dict":"shared,id,name","keywords":""}
Headers：{"Cookie":"ACG-SHOP=dhesmko2q4l0rd2scpmive8bun","Accept-Language":"zh-CN,en-US;q=0.8","Accept-Encoding":"gzip, deflate","Referer":"http://uchat.cn/admin/commodity/index","Content-Type":"application/x-www-form-urlencoded; charset=UTF-8","User-Agent":"Mozilla/5.0 (Linux; Android 7.1.2; vivo X9i Build/N2G47H) AppleWebKit/537.36 (KHTML, like Gecko) Chrome/55.0.2883.91 Mobile Safari/537.36","X-Requested-With":"XMLHttpRequest","Origin":"http://uchat.cn","Accept":"*/*","Content-Length":"33","Connection":"keep-alive","Host":"uchat.cn"}
----------------------------------------
[2025-05-05 00:04:13]:
IP地址：112.21.165.203
请求地址：【POST】 -> http://uchat.cn/admin/api/dict/get
POST数据：{"dict":"category->owner=0,id,name","keywords":""}
Headers：{"Cookie":"ACG-SHOP=dhesmko2q4l0rd2scpmive8bun","Accept-Language":"zh-CN,en-US;q=0.8","Accept-Encoding":"gzip, deflate","Referer":"http://uchat.cn/admin/commodity/index","Content-Type":"application/x-www-form-urlencoded; charset=UTF-8","User-Agent":"Mozilla/5.0 (Linux; Android 7.1.2; vivo X9i Build/N2G47H) AppleWebKit/537.36 (KHTML, like Gecko) Chrome/55.0.2883.91 Mobile Safari/537.36","X-Requested-With":"XMLHttpRequest","Origin":"http://uchat.cn","Accept":"*/*","Content-Length":"48","Connection":"keep-alive","Host":"uchat.cn"}
----------------------------------------
[2025-05-05 00:04:13]:
IP地址：112.21.165.203
请求地址：【POST】 -> http://uchat.cn/admin/api/group/data
POST数据：{"page":"NaN"}
Headers：{"Cookie":"ACG-SHOP=dhesmko2q4l0rd2scpmive8bun","Accept-Language":"zh-CN,en-US;q=0.8","Accept-Encoding":"gzip, deflate","Referer":"http://uchat.cn/admin/commodity/index","Content-Type":"application/x-www-form-urlencoded","User-Agent":"Mozilla/5.0 (Linux; Android 7.1.2; vivo X9i Build/N2G47H) AppleWebKit/537.36 (KHTML, like Gecko) Chrome/55.0.2883.91 Mobile Safari/537.36","X-Requested-With":"XMLHttpRequest","Origin":"http://uchat.cn","Accept":"application/json, text/javascript, */*; q=0.01","Content-Length":"8","Connection":"keep-alive","Host":"uchat.cn"}
----------------------------------------
[2025-05-05 00:04:55]:
IP地址：112.21.165.203
请求地址：【POST】 -> http://uchat.cn/admin/api/commodity/save
POST数据：{"cover":"/assets/cache/images/202505042333477237084.png","name":"arm周卡","description":"<p>arm一周卡</p>","category_id":"1","factory_price":"20","price":"2","user_price":"2","level_disable":"0","hide":"0","recommend":"1","level_price":"{\"1\":{\"amount\":2,\"show\":\"0\"},\"6\":{\"amount\":1.5,\"show\":\"0\"}}","shared_id":"","shared_code":"","shared_premium_type":"0","shared_premium":"0","shared_sync":"0","inventory_sync":"0","delivery_way":"0","delivery_auto_mode":"2","delivery_message":"","leave_message":"","contact_type":"2","send_email":"1","password_status":"1","sort":"2","minimum":"1","maximum":"1","coupon":"1","seckill_status":"1","seckill_start_time":"2025-05-05 00:00:00","seckill_end_time":"2025-05-06 00:00:00","draft_status":"0","draft_premium":"0","only_user":"0","purchase_count":"0","api_status":"1","inventory_hidden":"0","config":"","status":"1","id":"2","widget":"%5B%5D"}
Headers：{"Cookie":"ACG-SHOP=dhesmko2q4l0rd2scpmive8bun","Accept-Language":"zh-CN,en-US;q=0.8","Accept-Encoding":"gzip, deflate","Referer":"http://uchat.cn/admin/commodity/index","Content-Type":"application/x-www-form-urlencoded; charset=UTF-8","User-Agent":"Mozilla/5.0 (Linux; Android 7.1.2; vivo X9i Build/N2G47H) AppleWebKit/537.36 (KHTML, like Gecko) Chrome/55.0.2883.91 Mobile Safari/537.36","X-Requested-With":"XMLHttpRequest","Origin":"http://uchat.cn","Accept":"*/*","Content-Length":"846","Connection":"keep-alive","Host":"uchat.cn"}
----------------------------------------
[2025-05-05 00:04:56]:
IP地址：112.21.165.203
请求地址：【POST】 -> http://uchat.cn/admin/api/commodity/data
POST数据：{"offset":"0","limit":"13","page":"1"}
Headers：{"Cookie":"ACG-SHOP=dhesmko2q4l0rd2scpmive8bun","Accept-Language":"zh-CN,en-US;q=0.8","Accept-Encoding":"gzip, deflate","Referer":"http://uchat.cn/admin/commodity/index","Content-Type":"application/x-www-form-urlencoded","User-Agent":"Mozilla/5.0 (Linux; Android 7.1.2; vivo X9i Build/N2G47H) AppleWebKit/537.36 (KHTML, like Gecko) Chrome/55.0.2883.91 Mobile Safari/537.36","X-Requested-With":"XMLHttpRequest","Origin":"http://uchat.cn","Accept":"application/json, text/javascript, */*; q=0.01","Content-Length":"24","Connection":"keep-alive","Host":"uchat.cn"}
----------------------------------------
[2025-05-05 00:05:02]:
IP地址：112.21.165.203
请求地址：【POST】 -> http://uchat.cn/admin/api/dict/get
POST数据：{"dict":"category->owner=0,id,name","keywords":""}
Headers：{"Cookie":"ACG-SHOP=dhesmko2q4l0rd2scpmive8bun","Accept-Language":"zh-CN,en-US;q=0.8","Accept-Encoding":"gzip, deflate","Referer":"http://uchat.cn/admin/commodity/index","Content-Type":"application/x-www-form-urlencoded; charset=UTF-8","User-Agent":"Mozilla/5.0 (Linux; Android 7.1.2; vivo X9i Build/N2G47H) AppleWebKit/537.36 (KHTML, like Gecko) Chrome/55.0.2883.91 Mobile Safari/537.36","X-Requested-With":"XMLHttpRequest","Origin":"http://uchat.cn","Accept":"*/*","Content-Length":"48","Connection":"keep-alive","Host":"uchat.cn"}
----------------------------------------
[2025-05-05 00:05:02]:
IP地址：112.21.165.203
请求地址：【POST】 -> http://uchat.cn/admin/api/dict/get
POST数据：{"dict":"shared,id,name","keywords":""}
Headers：{"Cookie":"ACG-SHOP=dhesmko2q4l0rd2scpmive8bun","Accept-Language":"zh-CN,en-US;q=0.8","Accept-Encoding":"gzip, deflate","Referer":"http://uchat.cn/admin/commodity/index","Content-Type":"application/x-www-form-urlencoded; charset=UTF-8","User-Agent":"Mozilla/5.0 (Linux; Android 7.1.2; vivo X9i Build/N2G47H) AppleWebKit/537.36 (KHTML, like Gecko) Chrome/55.0.2883.91 Mobile Safari/537.36","X-Requested-With":"XMLHttpRequest","Origin":"http://uchat.cn","Accept":"*/*","Content-Length":"33","Connection":"keep-alive","Host":"uchat.cn"}
----------------------------------------
[2025-05-05 00:05:02]:
IP地址：112.21.165.203
请求地址：【POST】 -> http://uchat.cn/admin/api/group/data
POST数据：{"page":"NaN"}
Headers：{"Cookie":"ACG-SHOP=dhesmko2q4l0rd2scpmive8bun","Accept-Language":"zh-CN,en-US;q=0.8","Accept-Encoding":"gzip, deflate","Referer":"http://uchat.cn/admin/commodity/index","Content-Type":"application/x-www-form-urlencoded","User-Agent":"Mozilla/5.0 (Linux; Android 7.1.2; vivo X9i Build/N2G47H) AppleWebKit/537.36 (KHTML, like Gecko) Chrome/55.0.2883.91 Mobile Safari/537.36","X-Requested-With":"XMLHttpRequest","Origin":"http://uchat.cn","Accept":"application/json, text/javascript, */*; q=0.01","Content-Length":"8","Connection":"keep-alive","Host":"uchat.cn"}
----------------------------------------
[2025-05-05 00:05:24]:
IP地址：112.21.165.203
请求地址：【POST】 -> http://uchat.cn/admin/api/commodity/save
POST数据：{"cover":"/assets/cache/images/202505042341091902127.png","name":"arm两周","description":"<p>arm两周卡</p>","category_id":"1","factory_price":"20","price":"4","user_price":"3","level_disable":"0","hide":"0","recommend":"1","level_price":"","shared_id":"","shared_code":"","shared_premium_type":"0","shared_premium":"0","shared_sync":"0","inventory_sync":"0","delivery_way":"0","delivery_auto_mode":"2","delivery_message":"","leave_message":"","contact_type":"2","send_email":"1","password_status":"1","sort":"3","minimum":"1","maximum":"1","coupon":"1","seckill_status":"1","seckill_start_time":"2025-05-05 00:00:00","seckill_end_time":"2025-05-06 00:00:00","draft_status":"0","draft_premium":"0","only_user":"0","purchase_count":"0","api_status":"1","inventory_hidden":"0","config":"","status":"1","id":"3","widget":"%5B%5D"}
Headers：{"Cookie":"ACG-SHOP=dhesmko2q4l0rd2scpmive8bun","Accept-Language":"zh-CN,en-US;q=0.8","Accept-Encoding":"gzip, deflate","Referer":"http://uchat.cn/admin/commodity/index","Content-Type":"application/x-www-form-urlencoded; charset=UTF-8","User-Agent":"Mozilla/5.0 (Linux; Android 7.1.2; vivo X9i Build/N2G47H) AppleWebKit/537.36 (KHTML, like Gecko) Chrome/55.0.2883.91 Mobile Safari/537.36","X-Requested-With":"XMLHttpRequest","Origin":"http://uchat.cn","Accept":"*/*","Content-Length":"725","Connection":"keep-alive","Host":"uchat.cn"}
----------------------------------------
[2025-05-05 00:05:25]:
IP地址：112.21.165.203
请求地址：【POST】 -> http://uchat.cn/admin/api/commodity/data
POST数据：{"offset":"0","limit":"13","page":"1"}
Headers：{"Cookie":"ACG-SHOP=dhesmko2q4l0rd2scpmive8bun","Accept-Language":"zh-CN,en-US;q=0.8","Accept-Encoding":"gzip, deflate","Referer":"http://uchat.cn/admin/commodity/index","Content-Type":"application/x-www-form-urlencoded","User-Agent":"Mozilla/5.0 (Linux; Android 7.1.2; vivo X9i Build/N2G47H) AppleWebKit/537.36 (KHTML, like Gecko) Chrome/55.0.2883.91 Mobile Safari/537.36","X-Requested-With":"XMLHttpRequest","Origin":"http://uchat.cn","Accept":"application/json, text/javascript, */*; q=0.01","Content-Length":"24","Connection":"keep-alive","Host":"uchat.cn"}
----------------------------------------
